iter |           obj |        instat |          step | tr_fail
-----+---------------+---------------+---------------+--------
   0 |  6.062259e+00 |  7.917385e+00 |           --- |     ---
   1 |  3.700337e+00 |  5.513479e+00 |  6.272488e+00 |       0
   2 |  2.552463e+00 |  2.653401e+00 |  7.500000e-01 |       4
   3 |  2.440902e+00 |  1.248809e+00 |  7.500000e-01 |       1
   4 |  2.299886e+00 |  1.269119e+00 |  3.634972e-01 |       1
   5 |  1.898071e+00 |  8.818494e-01 |  7.500000e-01 |       0
   6 |  1.750765e+00 |  1.378906e+00 |  7.500000e-01 |       1
   7 |  1.647893e+00 |  8.729648e-01 |  1.830754e-01 |       3
   8 |  1.600431e+00 |  3.293812e-01 |  3.750000e-01 |       0
   9 |  1.577383e+00 |  3.404826e-01 |  9.375000e-02 |       2
  10 |  1.535303e+00 |  3.175584e-01 |  1.875000e-01 |       0
  11 |  1.523362e+00 |  2.696186e-01 |  9.375000e-02 |       2
  12 |  1.503400e+00 |  2.406992e-01 |  9.375000e-02 |       0
  13 |  1.485041e+00 |  1.847091e-01 |  1.875000e-01 |       0
  14 |  1.428363e+00 |  1.467116e-01 |  3.623574e-01 |       0
  15 |  1.422852e+00 |  2.290778e-01 |  9.375000e-02 |       3
  16 |  1.401237e+00 |  9.524619e-02 |  1.875000e-01 |       0
  17 |  1.378312e+00 |  1.167800e-01 |  3.750000e-01 |       0
  18 |  1.376729e+00 |  7.871944e-02 |  1.171875e-02 |       6
  19 |  1.374707e+00 |  6.239680e-02 |  2.343750e-02 |       0
  20 |  1.371133e+00 |  4.932412e-02 |  4.687500e-02 |       0
  21 |  1.365336e+00 |  2.737183e-02 |  9.375000e-02 |       0
  22 |  1.364490e+00 |  1.116112e-01 |  4.687500e-02 |       2
  23 |  1.363480e+00 |  3.125635e-02 |  2.343750e-02 |       1
  24 |  1.362166e+00 |  2.830433e-02 |  2.343750e-02 |       0
  25 |  1.360051e+00 |  3.056968e-02 |  4.687500e-02 |       0
  26 |  1.358881e+00 |  6.058773e-02 |  9.375000e-02 |       0
  27 |  1.356476e+00 |  5.520094e-02 |  4.687500e-02 |       1
  28 |  1.355783e+00 |  2.016151e-02 |  2.343750e-02 |       2
  29 |  1.355507e+00 |  1.956376e-02 |  1.171875e-02 |       1
  30 |  1.355074e+00 |  1.998405e-02 |  1.171875e-02 |       0
  31 |  1.354270e+00 |  2.119041e-02 |  2.343750e-02 |       0
  32 |  1.353803e+00 |  1.732685e-02 |  2.343750e-02 |       1
  33 |  1.353467e+00 |  4.019503e-02 |  2.343750e-02 |       0
  34 |  1.353185e+00 |  3.799827e-02 |  2.343750e-02 |       0
  35 |  1.352856e+00 |  1.654382e-02 |  2.343750e-02 |       0
  36 |  1.352125e+00 |  1.152350e-02 |  2.343750e-02 |       0
  37 |  1.350752e+00 |  1.308910e-02 |  4.687500e-02 |       0
  38 |  1.348956e+00 |  1.956193e-02 |  9.375000e-02 |       0
  39 |  1.348505e+00 |  8.318672e-03 |  2.343750e-02 |       3
  40 |  1.348369e+00 |  1.772345e-02 |  1.171875e-02 |       1
  41 |  1.348188e+00 |  1.708768e-02 |  1.171875e-02 |       0
  42 |  1.348141e+00 |  7.361715e-03 |  5.859375e-03 |       2
  43 |  1.348049e+00 |  1.034422e-02 |  5.859375e-03 |       0
  44 |  1.347967e+00 |  1.259748e-02 |  5.859375e-03 |       1
  45 |  1.347912e+00 |  6.708577e-03 |  5.859375e-03 |       1
  46 |  1.347872e+00 |  1.388913e-02 |  5.859375e-03 |       0
  47 |  1.347762e+00 |  1.136819e-02 |  5.859375e-03 |       0
  48 |  1.347718e+00 |  5.983216e-03 |  5.859375e-03 |       1
  49 |  1.347665e+00 |  1.003109e-02 |  5.859375e-03 |       0
iter |           obj |        instat |          step | tr_fail
-----+---------------+---------------+---------------+--------
  50 |  1.347583e+00 |  1.048348e-02 |  5.859375e-03 |       0
  51 |  1.347494e+00 |  1.066733e-02 |  5.859375e-03 |       0
  52 |  1.347327e+00 |  1.157045e-02 |  1.171875e-02 |       0
  53 |  1.347292e+00 |  7.932289e-03 |  2.929688e-03 |       3
  54 |  1.347213e+00 |  7.947342e-03 |  5.859375e-03 |       0
  55 |  1.347067e+00 |  8.447441e-03 |  1.171875e-02 |       0
  56 |  1.346983e+00 |  5.747260e-03 |  1.171875e-02 |       1
  57 |  1.346901e+00 |  2.135744e-02 |  1.171875e-02 |       0
  58 |  1.346784e+00 |  1.757941e-02 |  1.171875e-02 |       1
  59 |  1.346730e+00 |  8.686720e-03 |  1.171875e-02 |       0
  60 |  1.346856e+00 |  2.311658e-02 |  1.171875e-02 |       0
  61 |  1.346730e+00 |  8.510562e-03 |  1.171875e-02 |       1
  62 |  1.346687e+00 |  8.043406e-03 |  5.859375e-03 |       1
  63 |  1.346617e+00 |  8.238321e-03 |  5.859375e-03 |       0
  64 |  1.346545e+00 |  1.538493e-02 |  1.171875e-02 |       0
  65 |  1.346513e+00 |  2.153469e-02 |  1.171875e-02 |       1
  66 |  1.346432e+00 |  7.904704e-03 |  5.859375e-03 |       1
  67 |  1.346383e+00 |  7.417372e-03 |  5.859375e-03 |       1
  68 |  1.346359e+00 |  1.306228e-02 |  5.859375e-03 |       0
  69 |  1.346299e+00 |  4.331152e-03 |  5.859375e-03 |       0
  70 |  1.346257e+00 |  9.583095e-03 |  5.859375e-03 |       0
  71 |  1.346225e+00 |  1.292487e-02 |  5.859375e-03 |       0
  72 |  1.346167e+00 |  4.186979e-03 |  5.859375e-03 |       0
  73 |  1.346101e+00 |  4.393733e-03 |  5.859375e-03 |       0
  74 |  1.345981e+00 |  4.719965e-03 |  1.171875e-02 |       0
  75 |  1.345895e+00 |  8.790875e-03 |  2.343750e-02 |       0
  76 |  1.345751e+00 |  8.160261e-03 |  1.171875e-02 |       2
  77 |  1.345727e+00 |  1.240059e-02 |  5.859375e-03 |       1
  78 |  1.345690e+00 |  6.865974e-03 |  2.929688e-03 |       1
  79 |  1.345671e+00 |  6.973129e-03 |  2.929688e-03 |       1
  80 |  1.345653e+00 |  4.093167e-03 |  2.929688e-03 |       0
  81 |  1.345632e+00 |  9.657575e-03 |  5.859375e-03 |       0
  82 |  1.345584e+00 |  8.432237e-03 |  5.859375e-03 |       0
  83 |  1.345566e+00 |  6.715742e-03 |  5.859375e-03 |       0
  84 |  1.345563e+00 |  6.369579e-03 |  1.831055e-04 |       5
  85 |  1.345560e+00 |  5.746541e-03 |  1.831055e-04 |       1
  86 |  1.345557e+00 |  5.516520e-03 |  1.831055e-04 |       1
  87 |  1.345552e+00 |  4.824460e-03 |  3.662109e-04 |       0
  88 |  1.345543e+00 |  3.721497e-03 |  7.324219e-04 |       0
  89 |  1.345529e+00 |  2.809305e-03 |  1.464844e-03 |       0
  90 |  1.345509e+00 |  4.456358e-03 |  2.929688e-03 |       0
  91 |  1.345454e+00 |  4.589780e-03 |  5.859375e-03 |       0
  92 |  1.345357e+00 |  5.023490e-03 |  1.171875e-02 |       0
  93 |  1.345205e+00 |  5.904606e-03 |  2.343750e-02 |       0
  94 |  1.345190e+00 |  2.749308e-03 |  2.929688e-03 |       4
  95 |  1.345178e+00 |  5.809680e-03 |  2.929688e-03 |       0
  96 |  1.345170e+00 |  5.138410e-03 |  7.324219e-04 |       2
  97 |  1.345159e+00 |  4.552596e-03 |  1.464844e-03 |       0
  98 |  1.345143e+00 |  2.838348e-03 |  2.929688e-03 |       0
  99 |  1.345131e+00 |  5.720657e-03 |  2.929688e-03 |       1
iter |           obj |        instat |          step | tr_fail
-----+---------------+---------------+---------------+--------
 100 |  1.345113e+00 |  4.589284e-03 |  2.929688e-03 |       0
 101 |  1.345106e+00 |  7.576124e-03 |  2.929688e-03 |       0
 102 |  1.345085e+00 |  3.255102e-03 |  2.929688e-03 |       0
 103 |  1.345077e+00 |  7.123637e-03 |  2.929688e-03 |       1
 104 |  1.345062e+00 |  3.304135e-03 |  2.929688e-03 |       0
 105 |  1.345045e+00 |  4.449678e-03 |  2.929688e-03 |       0
 106 |  1.345035e+00 |  5.452425e-03 |  2.929688e-03 |       0
 107 |  1.345021e+00 |  6.292456e-03 |  2.929688e-03 |       0
 108 |  1.345007e+00 |  3.047041e-03 |  2.929688e-03 |       0
 109 |  1.344998e+00 |  5.714698e-03 |  2.929688e-03 |       0
 110 |  1.344983e+00 |  5.230494e-03 |  2.929688e-03 |       1
 111 |  1.344978e+00 |  7.491348e-03 |  2.929688e-03 |       0
 112 |  1.344957e+00 |  2.891052e-03 |  2.929688e-03 |       0
 113 |  1.344925e+00 |  3.214789e-03 |  5.859375e-03 |       0
 114 |  1.344917e+00 |  3.076821e-03 |  2.929688e-03 |       2
 115 |  1.344908e+00 |  4.572761e-03 |  2.929688e-03 |       1
 116 |  1.344892e+00 |  4.005769e-03 |  2.929688e-03 |       0
 117 |  1.344886e+00 |  6.150021e-03 |  2.929688e-03 |       0
 118 |  1.344871e+00 |  2.608234e-03 |  2.929688e-03 |       0
 119 |  1.344861e+00 |  6.793814e-03 |  2.929688e-03 |       0
 120 |  1.344854e+00 |  6.221210e-03 |  2.929688e-03 |       0
 121 |  1.344840e+00 |  3.677218e-03 |  2.929688e-03 |       0
 122 |  1.344835e+00 |  5.721949e-03 |  2.929688e-03 |       0
 123 |  1.344821e+00 |  5.926660e-03 |  2.929688e-03 |       0
 124 |  1.344812e+00 |  3.584662e-03 |  2.929688e-03 |       0
 125 |  1.344803e+00 |  3.848683e-03 |  2.929688e-03 |       0
 126 |  1.344791e+00 |  4.818670e-03 |  2.929688e-03 |       0
 127 |  1.344786e+00 |  5.639558e-03 |  2.929688e-03 |       0
 128 |  1.344773e+00 |  2.949280e-03 |  2.929688e-03 |       0
 129 |  1.344758e+00 |  2.147804e-03 |  2.929688e-03 |       0
 130 |  1.344750e+00 |  6.705319e-03 |  2.929688e-03 |       1
 131 |  1.344742e+00 |  3.889636e-03 |  2.929688e-03 |       1
 132 |  1.344732e+00 |  3.336363e-03 |  2.929688e-03 |       0
 133 |  1.344723e+00 |  4.960984e-03 |  2.929688e-03 |       0
 134 |  1.344717e+00 |  4.703253e-03 |  2.929688e-03 |       0
 135 |  1.344708e+00 |  2.973438e-03 |  2.929688e-03 |       0
 136 |  1.344704e+00 |  4.286752e-03 |  2.929688e-03 |       0
 137 |  1.344692e+00 |  4.526717e-03 |  2.929688e-03 |       0
 138 |  1.344679e+00 |  3.218634e-03 |  2.929688e-03 |       0
 139 |  1.344651e+00 |  3.262045e-03 |  5.859375e-03 |       0
 140 |  1.344604e+00 |  3.838617e-03 |  1.171875e-02 |       0
 141 |  1.344595e+00 |  3.313707e-03 |  2.929688e-03 |       3
 142 |  1.344590e+00 |  2.888236e-03 |  1.464844e-03 |       2
 143 |  1.344585e+00 |  4.533837e-03 |  1.464844e-03 |       0
 144 |  1.344582e+00 |  5.172682e-03 |  2.929688e-03 |       0
 145 |  1.344570e+00 |  2.864728e-03 |  2.929688e-03 |       0
 146 |  1.344565e+00 |  3.214234e-03 |  1.464844e-03 |       1
 147 |  1.344560e+00 |  3.118560e-03 |  1.464844e-03 |       0
 148 |  1.344550e+00 |  3.382536e-03 |  2.929688e-03 |       0
 149 |  1.344547e+00 |  6.046701e-03 |  1.464844e-03 |       2
iter |           obj |        instat |          step | tr_fail
-----+---------------+---------------+---------------+--------
 150 |  1.344542e+00 |  3.863524e-03 |  1.464844e-03 |       0
 151 |  1.344538e+00 |  3.185990e-03 |  1.464844e-03 |       1
 152 |  1.344535e+00 |  2.914174e-03 |  1.464844e-03 |       0
 153 |  1.344532e+00 |  2.719076e-03 |  1.464844e-03 |       0
 154 |  1.344527e+00 |  4.122929e-03 |  1.464844e-03 |       0
 155 |  1.344524e+00 |  4.138623e-03 |  1.464844e-03 |       1
 156 |  1.344518e+00 |  2.586513e-03 |  1.464844e-03 |       0
 157 |  1.344516e+00 |  5.027256e-03 |  1.464844e-03 |       1
 158 |  1.344511e+00 |  2.890124e-03 |  1.464844e-03 |       0
 159 |  1.344508e+00 |  2.886597e-03 |  1.464844e-03 |       1
 160 |  1.344505e+00 |  4.082813e-03 |  1.464844e-03 |       0
 161 |  1.344503e+00 |  3.343345e-03 |  1.464844e-03 |       0
 162 |  1.344499e+00 |  2.633208e-03 |  1.464844e-03 |       0
 163 |  1.344497e+00 |  3.040611e-03 |  1.464844e-03 |       0
 164 |  1.344493e+00 |  3.728144e-03 |  1.464844e-03 |       0
 165 |  1.344490e+00 |  2.557882e-03 |  1.464844e-03 |       0
 166 |  1.344487e+00 |  2.493676e-03 |  1.464844e-03 |       1
 167 |  1.344484e+00 |  2.162492e-03 |  1.464844e-03 |       0
 168 |  1.344479e+00 |  3.657844e-03 |  1.464844e-03 |       0
 169 |  1.344476e+00 |  1.888075e-03 |  1.464844e-03 |       1
 170 |  1.344472e+00 |  3.872672e-03 |  1.464844e-03 |       0
 171 |  1.344469e+00 |  3.054709e-03 |  2.929688e-03 |       0
 172 |  1.344465e+00 |  2.541769e-03 |  1.464844e-03 |       1
 173 |  1.344461e+00 |  2.393440e-03 |  1.464844e-03 |       0
 174 |  1.344458e+00 |  2.545132e-03 |  1.464844e-03 |       1
 175 |  1.344455e+00 |  1.718800e-03 |  1.464844e-03 |       0
 176 |  1.344452e+00 |  4.103386e-03 |  1.464844e-03 |       0
 177 |  1.344448e+00 |  2.736942e-03 |  1.464844e-03 |       0
 178 |  1.344445e+00 |  2.482318e-03 |  1.464844e-03 |       0
 179 |  1.344442e+00 |  2.405750e-03 |  1.464844e-03 |       0
 180 |  1.344440e+00 |  3.750703e-03 |  1.464844e-03 |       0
 181 |  1.344438e+00 |  2.917913e-03 |  1.464844e-03 |       0
 182 |  1.344434e+00 |  2.161876e-03 |  1.464844e-03 |       0
 183 |  1.344430e+00 |  2.139288e-03 |  1.464844e-03 |       0
 184 |  1.344428e+00 |  2.726103e-03 |  1.464844e-03 |       1
 185 |  1.344425e+00 |  3.411491e-03 |  1.464844e-03 |       0
 186 |  1.344423e+00 |  2.054055e-03 |  1.464844e-03 |       0
 187 |  1.344420e+00 |  4.137549e-03 |  1.464844e-03 |       0
 188 |  1.344416e+00 |  2.452546e-03 |  1.464844e-03 |       0
 189 |  1.344414e+00 |  2.727906e-03 |  1.464844e-03 |       0
 190 |  1.344411e+00 |  2.124812e-03 |  1.464844e-03 |       0
 191 |  1.344409e+00 |  3.732303e-03 |  1.464844e-03 |       0
 192 |  1.344407e+00 |  2.588561e-03 |  1.464844e-03 |       0
 193 |  1.344405e+00 |  2.179008e-03 |  1.464844e-03 |       0
 194 |  1.344403e+00 |  2.329372e-03 |  1.464844e-03 |       0
 195 |  1.344400e+00 |  3.207656e-03 |  1.464844e-03 |       0
 196 |  1.344396e+00 |  2.592464e-03 |  1.464844e-03 |       0
 197 |  1.344387e+00 |  2.674067e-03 |  2.929688e-03 |       0
 198 |  1.344384e+00 |  4.163601e-03 |  2.929688e-03 |       1
 199 |  1.344380e+00 |  1.801752e-03 |  1.464844e-03 |       1
iter |           obj |        instat |          step | tr_fail
-----+---------------+---------------+---------------+--------
 200 |  1.344376e+00 |  3.620066e-03 |  1.464844e-03 |       0
 201 |  1.344373e+00 |  2.747899e-03 |  1.464844e-03 |       1
 202 |  1.344370e+00 |  2.440436e-03 |  1.464844e-03 |       0
 203 |  1.344369e+00 |  1.983997e-03 |  7.324219e-04 |       1
 204 |  1.344367e+00 |  4.505833e-03 |  1.464844e-03 |       0
 205 |  1.344364e+00 |  2.494847e-03 |  1.464844e-03 |       0
 206 |  1.344361e+00 |  1.286735e-03 |  1.464844e-03 |       0
 207 |  1.344358e+00 |  6.605626e-03 |  2.929688e-03 |       0
 208 |  1.344354e+00 |  3.052281e-03 |  1.464844e-03 |       1
 209 |  1.344352e+00 |  1.456679e-03 |  1.464844e-03 |       0
 210 |  1.344351e+00 |  4.009016e-03 |  1.464844e-03 |       0
 211 |  1.344347e+00 |  2.086632e-03 |  1.464844e-03 |       0
 212 |  1.344342e+00 |  2.097090e-03 |  1.464844e-03 |       0
 213 |  1.344335e+00 |  2.181521e-03 |  2.929688e-03 |       0
 214 |  1.344334e+00 |  3.189401e-03 |  7.324219e-04 |       3
 215 |  1.344332e+00 |  2.182135e-03 |  7.324219e-04 |       0
 216 |  1.344328e+00 |  2.160069e-03 |  1.464844e-03 |       0
 217 |  1.344326e+00 |  2.178196e-03 |  1.464844e-03 |       1
 218 |  1.344324e+00 |  1.277778e-03 |  1.464844e-03 |       0
 219 |  1.344321e+00 |  3.012655e-03 |  1.464844e-03 |       0
 220 |  1.344319e+00 |  1.458993e-03 |  1.464844e-03 |       0
 221 |  1.344319e+00 |  1.526356e-03 |  9.155273e-05 |       4
 222 |  1.344318e+00 |  1.615469e-03 |  1.831055e-04 |       0
 223 |  1.344317e+00 |  2.002785e-03 |  3.662109e-04 |       0
 224 |  1.344316e+00 |  1.676263e-03 |  7.324219e-04 |       0
 225 |  1.344312e+00 |  1.652631e-03 |  1.464844e-03 |       0
 226 |  1.344306e+00 |  1.641197e-03 |  2.929688e-03 |       0
 227 |  1.344294e+00 |  1.675381e-03 |  5.859375e-03 |       0
 228 |  1.344293e+00 |  2.223589e-03 |  1.464844e-03 |       3
 229 |  1.344292e+00 |  1.868717e-03 |  1.464844e-03 |       0
 230 |  1.344289e+00 |  2.830061e-03 |  1.464844e-03 |       0
 231 |  1.344288e+00 |  1.975111e-03 |  7.324219e-04 |       1
 232 |  1.344287e+00 |  2.170542e-03 |  7.324219e-04 |       0
 233 |  1.344285e+00 |  1.465942e-03 |  7.324219e-04 |       0
 234 |  1.344284e+00 |  4.256659e-03 |  1.464844e-03 |       0
 235 |  1.344281e+00 |  2.039494e-03 |  1.464844e-03 |       0
 236 |  1.344280e+00 |  1.360480e-03 |  7.324219e-04 |       1
 237 |  1.344279e+00 |  2.430465e-03 |  7.324219e-04 |       0
 238 |  1.344278e+00 |  1.515088e-03 |  7.324219e-04 |       1
 239 |  1.344278e+00 |  1.701744e-03 |  1.831055e-04 |       2
 240 |  1.344277e+00 |  1.431429e-03 |  3.662109e-04 |       0
 241 |  1.344276e+00 |  2.567223e-03 |  7.324219e-04 |       0
 242 |  1.344275e+00 |  1.567124e-03 |  7.324219e-04 |       1
 243 |  1.344273e+00 |  1.116034e-03 |  1.464844e-03 |       0
 244 |  1.344272e+00 |  3.581749e-03 |  1.464844e-03 |       1
 245 |  1.344270e+00 |  1.714942e-03 |  1.464844e-03 |       0
 246 |  1.344269e+00 |  1.164110e-03 |  7.324219e-04 |       1
 247 |  1.344267e+00 |  1.858572e-03 |  7.324219e-04 |       0
 248 |  1.344266e+00 |  1.079441e-03 |  7.324219e-04 |       0
 249 |  1.344266e+00 |  3.859595e-03 |  1.464844e-03 |       0
iter |           obj |        instat |          step | tr_fail
-----+---------------+---------------+---------------+--------
 250 |  1.344264e+00 |  2.145613e-03 |  7.324219e-04 |       1
 251 |  1.344263e+00 |  2.220651e-03 |  7.324219e-04 |       0
 252 |  1.344262e+00 |  1.179595e-03 |  7.324219e-04 |       0
 253 |  1.344261e+00 |  1.722806e-03 |  3.662109e-04 |       2
 254 |  1.344261e+00 |  1.231651e-03 |  7.324219e-04 |       0
 255 |  1.344260e+00 |  1.919052e-03 |  7.324219e-04 |       0
 256 |  1.344259e+00 |  1.525338e-03 |  7.324219e-04 |       0
 257 |  1.344258e+00 |  1.317475e-03 |  7.324219e-04 |       0
 258 |  1.344257e+00 |  1.348773e-03 |  7.324219e-04 |       0
 259 |  1.344256e+00 |  1.870368e-03 |  7.324219e-04 |       0
 260 |  1.344256e+00 |  1.321886e-03 |  3.662109e-04 |       1
 261 |  1.344255e+00 |  1.288154e-03 |  7.324219e-04 |       0
 262 |  1.344254e+00 |  2.397553e-03 |  7.324219e-04 |       1
 263 |  1.344253e+00 |  1.083279e-03 |  1.464844e-03 |       0
 264 |  1.344251e+00 |  1.412253e-03 |  7.324219e-04 |       1
 265 |  1.344251e+00 |  1.316650e-03 |  7.324219e-04 |       0
 266 |  1.344250e+00 |  1.669296e-03 |  7.324219e-04 |       0
 267 |  1.344249e+00 |  9.181504e-04 |  7.324219e-04 |       0
Terminated: 1: Terminated in epsilon-stationary point.
